1657050824.502168 client started (656): version 3.2a, socket /tmp/tmux-1000/default, protocol 8
1657050824.502191 on Linux 5.10.16.3-microsoft-standard-WSL2 #1 SMP Fri Apr 2 22:23:49 UTC 2021
1657050824.502195 using libevent 2.1.12-stable (poll); ncurses 6.3
1657050824.502209 flags are 0x18010000
1657050824.502212 socket is /tmp/tmux-1000/default
1657050824.502220 trying connect
1657050824.502229 connect failed: Connection refused
1657050824.502235 lock file is /tmp/tmux-1000/default.lock
1657050824.502253 flock succeeded
1657050824.502256 got lock (6)
1657050824.502260 trying connect
1657050824.502278 connect failed: Connection refused
1657050824.502516 add peer 0x56524e8655c0: 7 ((nil))
1657050824.502873 sending message 100 to peer 0x56524e8655c0 (4 bytes)
1657050824.502902 sending message 111 to peer 0x56524e8655c0 (8 bytes)
1657050824.502909 sending message 101 to peer 0x56524e8655c0 (15 bytes)
1657050824.502913 sending message 109 to peer 0x56524e8655c0 (4 bytes)
1657050824.502916 sending message 102 to peer 0x56524e8655c0 (11 bytes)
1657050824.502919 sending message 108 to peer 0x56524e8655c0 (62 bytes)
1657050824.502923 sending message 112 to peer 0x56524e8655c0 (58 bytes)
1657050824.502926 sending message 112 to peer 0x56524e8655c0 (5 bytes)
1657050824.502929 sending message 112 to peer 0x56524e8655c0 (5 bytes)
1657050824.502932 sending message 112 to peer 0x56524e8655c0 (6 bytes)
1657050824.502935 sending message 112 to peer 0x56524e8655c0 (6 bytes)
1657050824.502938 sending message 112 to peer 0x56524e8655c0 (11 bytes)
1657050824.502942 sending message 112 to peer 0x56524e8655c0 (10 bytes)
1657050824.502945 sending message 112 to peer 0x56524e8655c0 (13 bytes)
1657050824.502948 sending message 112 to peer 0x56524e8655c0 (14 bytes)
1657050824.502951 sending message 112 to peer 0x56524e8655c0 (19 bytes)
1657050824.502954 sending message 112 to peer 0x56524e8655c0 (11 bytes)
1657050824.502957 sending message 112 to peer 0x56524e8655c0 (10 bytes)
1657050824.502960 sending message 112 to peer 0x56524e8655c0 (15 bytes)
1657050824.502963 sending message 112 to peer 0x56524e8655c0 (21 bytes)
1657050824.502967 sending message 112 to peer 0x56524e8655c0 (13 bytes)
1657050824.502970 sending message 112 to peer 0x56524e8655c0 (7 bytes)
1657050824.502973 sending message 112 to peer 0x56524e8655c0 (13 bytes)
1657050824.502976 sending message 112 to peer 0x56524e8655c0 (7 bytes)
1657050824.502979 sending message 112 to peer 0x56524e8655c0 (13 bytes)
1657050824.502983 sending message 112 to peer 0x56524e8655c0 (9 bytes)
1657050824.502986 sending message 112 to peer 0x56524e8655c0 (21 bytes)
1657050824.502989 sending message 112 to peer 0x56524e8655c0 (13 bytes)
1657050824.502992 sending message 112 to peer 0x56524e8655c0 (9 bytes)
1657050824.502995 sending message 112 to peer 0x56524e8655c0 (16 bytes)
1657050824.502998 sending message 112 to peer 0x56524e8655c0 (13 bytes)
1657050824.503001 sending message 112 to peer 0x56524e8655c0 (9 bytes)
1657050824.503004 sending message 112 to peer 0x56524e8655c0 (9 bytes)
1657050824.503007 sending message 112 to peer 0x56524e8655c0 (12 bytes)
1657050824.503010 sending message 112 to peer 0x56524e8655c0 (8 bytes)
1657050824.503013 sending message 112 to peer 0x56524e8655c0 (8 bytes)
1657050824.503016 sending message 112 to peer 0x56524e8655c0 (13 bytes)
1657050824.503019 sending message 112 to peer 0x56524e8655c0 (7 bytes)
1657050824.503022 sending message 112 to peer 0x56524e8655c0 (7 bytes)
1657050824.503025 sending message 112 to peer 0x56524e8655c0 (9 bytes)
1657050824.503028 sending message 112 to peer 0x56524e8655c0 (9 bytes)
1657050824.503031 sending message 112 to peer 0x56524e8655c0 (15 bytes)
1657050824.503034 sending message 112 to peer 0x56524e8655c0 (13 bytes)
1657050824.503038 sending message 112 to peer 0x56524e8655c0 (12 bytes)
1657050824.503041 sending message 112 to peer 0x56524e8655c0 (8 bytes)
1657050824.503044 sending message 112 to peer 0x56524e8655c0 (14 bytes)
1657050824.503047 sending message 112 to peer 0x56524e8655c0 (11 bytes)
1657050824.503050 sending message 112 to peer 0x56524e8655c0 (9 bytes)
1657050824.503058 sending message 112 to peer 0x56524e8655c0 (10 bytes)
1657050824.503062 sending message 112 to peer 0x56524e8655c0 (10 bytes)
1657050824.503065 sending message 112 to peer 0x56524e8655c0 (10 bytes)
1657050824.503068 sending message 112 to peer 0x56524e8655c0 (10 bytes)
1657050824.503071 sending message 112 to peer 0x56524e8655c0 (11 bytes)
1657050824.503074 sending message 112 to peer 0x56524e8655c0 (12 bytes)
1657050824.503077 sending message 112 to peer 0x56524e8655c0 (12 bytes)
1657050824.503080 sending message 112 to peer 0x56524e8655c0 (12 bytes)
1657050824.503083 sending message 112 to peer 0x56524e8655c0 (12 bytes)
1657050824.503086 sending message 112 to peer 0x56524e8655c0 (12 bytes)
1657050824.503089 sending message 112 to peer 0x56524e8655c0 (11 bytes)
1657050824.503092 sending message 112 to peer 0x56524e8655c0 (11 bytes)
1657050824.503095 sending message 112 to peer 0x56524e8655c0 (12 bytes)
1657050824.503098 sending message 112 to peer 0x56524e8655c0 (12 bytes)
1657050824.503101 sending message 112 to peer 0x56524e8655c0 (12 bytes)
1657050824.503104 sending message 112 to peer 0x56524e8655c0 (12 bytes)
1657050824.503107 sending message 112 to peer 0x56524e8655c0 (12 bytes)
1657050824.503110 sending message 112 to peer 0x56524e8655c0 (9 bytes)
1657050824.503113 sending message 112 to peer 0x56524e8655c0 (12 bytes)
1657050824.503116 sending message 112 to peer 0x56524e8655c0 (13 bytes)
1657050824.503119 sending message 112 to peer 0x56524e8655c0 (13 bytes)
1657050824.503122 sending message 112 to peer 0x56524e8655c0 (13 bytes)
1657050824.503125 sending message 112 to peer 0x56524e8655c0 (13 bytes)
1657050824.503128 sending message 112 to peer 0x56524e8655c0 (13 bytes)
1657050824.503131 sending message 112 to peer 0x56524e8655c0 (8 bytes)
1657050824.503134 sending message 112 to peer 0x56524e8655c0 (11 bytes)
1657050824.503137 sending message 112 to peer 0x56524e8655c0 (11 bytes)
1657050824.503140 sending message 112 to peer 0x56524e8655c0 (11 bytes)
1657050824.503144 sending message 112 to peer 0x56524e8655c0 (12 bytes)
1657050824.503147 sending message 112 to peer 0x56524e8655c0 (12 bytes)
1657050824.503150 sending message 112 to peer 0x56524e8655c0 (12 bytes)
1657050824.503153 sending message 112 to peer 0x56524e8655c0 (12 bytes)
1657050824.503157 sending message 112 to peer 0x56524e8655c0 (13 bytes)
1657050824.503160 sending message 112 to peer 0x56524e8655c0 (13 bytes)
1657050824.503163 sending message 112 to peer 0x56524e8655c0 (13 bytes)
1657050824.503166 sending message 112 to peer 0x56524e8655c0 (8 bytes)
1657050824.503169 sending message 112 to peer 0x56524e8655c0 (13 bytes)
1657050824.503172 sending message 112 to peer 0x56524e8655c0 (13 bytes)
1657050824.503175 sending message 112 to peer 0x56524e8655c0 (13 bytes)
1657050824.503179 sending message 112 to peer 0x56524e8655c0 (13 bytes)
1657050824.503182 sending message 112 to peer 0x56524e8655c0 (13 bytes)
1657050824.503185 sending message 112 to peer 0x56524e8655c0 (12 bytes)
1657050824.503188 sending message 112 to peer 0x56524e8655c0 (12 bytes)
1657050824.503191 sending message 112 to peer 0x56524e8655c0 (12 bytes)
1657050824.503194 sending message 112 to peer 0x56524e8655c0 (12 bytes)
1657050824.503197 sending message 112 to peer 0x56524e8655c0 (13 bytes)
1657050824.503200 sending message 112 to peer 0x56524e8655c0 (8 bytes)
1657050824.503203 sending message 112 to peer 0x56524e8655c0 (13 bytes)
1657050824.503207 sending message 112 to peer 0x56524e8655c0 (13 bytes)
1657050824.503210 sending message 112 to peer 0x56524e8655c0 (13 bytes)
1657050824.503213 sending message 112 to peer 0x56524e8655c0 (13 bytes)
1657050824.503216 sending message 112 to peer 0x56524e8655c0 (13 bytes)
1657050824.503219 sending message 112 to peer 0x56524e8655c0 (13 bytes)
1657050824.503222 sending message 112 to peer 0x56524e8655c0 (13 bytes)
1657050824.503225 sending message 112 to peer 0x56524e8655c0 (12 bytes)
1657050824.503228 sending message 112 to peer 0x56524e8655c0 (12 bytes)
1657050824.503231 sending message 112 to peer 0x56524e8655c0 (12 bytes)
1657050824.503237 sending message 112 to peer 0x56524e8655c0 (8 bytes)
1657050824.503240 sending message 112 to peer 0x56524e8655c0 (12 bytes)
1657050824.503243 sending message 112 to peer 0x56524e8655c0 (13 bytes)
1657050824.503247 sending message 112 to peer 0x56524e8655c0 (13 bytes)
1657050824.503250 sending message 112 to peer 0x56524e8655c0 (13 bytes)
1657050824.503252 sending message 112 to peer 0x56524e8655c0 (13 bytes)
1657050824.503255 sending message 112 to peer 0x56524e8655c0 (13 bytes)
1657050824.503259 sending message 112 to peer 0x56524e8655c0 (13 bytes)
1657050824.503262 sending message 112 to peer 0x56524e8655c0 (13 bytes)
1657050824.503265 sending message 112 to peer 0x56524e8655c0 (13 bytes)
1657050824.503268 sending message 112 to peer 0x56524e8655c0 (12 bytes)
1657050824.503271 sending message 112 to peer 0x56524e8655c0 (10 bytes)
1657050824.503274 sending message 112 to peer 0x56524e8655c0 (12 bytes)
1657050824.503277 sending message 112 to peer 0x56524e8655c0 (12 bytes)
1657050824.503280 sending message 112 to peer 0x56524e8655c0 (12 bytes)
1657050824.503283 sending message 112 to peer 0x56524e8655c0 (13 bytes)
1657050824.503286 sending message 112 to peer 0x56524e8655c0 (13 bytes)
1657050824.503289 sending message 112 to peer 0x56524e8655c0 (13 bytes)
1657050824.503293 sending message 112 to peer 0x56524e8655c0 (13 bytes)
1657050824.503296 sending message 112 to peer 0x56524e8655c0 (13 bytes)
1657050824.503299 sending message 112 to peer 0x56524e8655c0 (13 bytes)
1657050824.503302 sending message 112 to peer 0x56524e8655c0 (13 bytes)
1657050824.503305 sending message 112 to peer 0x56524e8655c0 (10 bytes)
1657050824.503308 sending message 112 to peer 0x56524e8655c0 (13 bytes)
1657050824.503311 sending message 112 to peer 0x56524e8655c0 (12 bytes)
1657050824.503314 sending message 112 to peer 0x56524e8655c0 (12 bytes)
1657050824.503317 sending message 112 to peer 0x56524e8655c0 (12 bytes)
1657050824.503320 sending message 112 to peer 0x56524e8655c0 (10 bytes)
1657050824.503323 sending message 112 to peer 0x56524e8655c0 (10 bytes)
1657050824.503326 sending message 112 to peer 0x56524e8655c0 (10 bytes)
1657050824.503329 sending message 112 to peer 0x56524e8655c0 (12 bytes)
1657050824.503333 sending message 112 to peer 0x56524e8655c0 (13 bytes)
1657050824.503336 sending message 112 to peer 0x56524e8655c0 (13 bytes)
1657050824.503339 sending message 112 to peer 0x56524e8655c0 (13 bytes)
1657050824.503343 sending message 112 to peer 0x56524e8655c0 (13 bytes)
1657050824.503346 sending message 112 to peer 0x56524e8655c0 (13 bytes)
1657050824.503349 sending message 112 to peer 0x56524e8655c0 (10 bytes)
1657050824.503352 sending message 112 to peer 0x56524e8655c0 (11 bytes)
1657050824.503355 sending message 112 to peer 0x56524e8655c0 (12 bytes)
1657050824.503358 sending message 112 to peer 0x56524e8655c0 (12 bytes)
1657050824.503361 sending message 112 to peer 0x56524e8655c0 (12 bytes)
1657050824.503364 sending message 112 to peer 0x56524e8655c0 (12 bytes)
1657050824.503367 sending message 112 to peer 0x56524e8655c0 (12 bytes)
1657050824.503370 sending message 112 to peer 0x56524e8655c0 (11 bytes)
1657050824.503373 sending message 112 to peer 0x56524e8655c0 (12 bytes)
1657050824.503376 sending message 112 to peer 0x56524e8655c0 (12 bytes)
1657050824.503379 sending message 112 to peer 0x56524e8655c0 (13 bytes)
1657050824.503382 sending message 112 to peer 0x56524e8655c0 (13 bytes)
1657050824.503385 sending message 112 to peer 0x56524e8655c0 (13 bytes)
1657050824.503388 sending message 112 to peer 0x56524e8655c0 (13 bytes)
1657050824.503391 sending message 112 to peer 0x56524e8655c0 (13 bytes)
1657050824.503394 sending message 112 to peer 0x56524e8655c0 (10 bytes)
1657050824.503397 sending message 112 to peer 0x56524e8655c0 (9 bytes)
1657050824.503400 sending message 112 to peer 0x56524e8655c0 (12 bytes)
1657050824.503403 sending message 112 to peer 0x56524e8655c0 (13 bytes)
1657050824.503406 sending message 112 to peer 0x56524e8655c0 (13 bytes)
1657050824.503409 sending message 112 to peer 0x56524e8655c0 (13 bytes)
1657050824.503415 sending message 112 to peer 0x56524e8655c0 (13 bytes)
1657050824.503418 sending message 112 to peer 0x56524e8655c0 (13 bytes)
1657050824.503421 sending message 112 to peer 0x56524e8655c0 (9 bytes)
1657050824.503424 sending message 112 to peer 0x56524e8655c0 (12 bytes)
1657050824.503427 sending message 112 to peer 0x56524e8655c0 (13 bytes)
1657050824.503430 sending message 112 to peer 0x56524e8655c0 (13 bytes)
1657050824.503433 sending message 112 to peer 0x56524e8655c0 (13 bytes)
1657050824.503436 sending message 112 to peer 0x56524e8655c0 (13 bytes)
1657050824.503439 sending message 112 to peer 0x56524e8655c0 (13 bytes)
1657050824.503443 sending message 112 to peer 0x56524e8655c0 (11 bytes)
1657050824.503446 sending message 112 to peer 0x56524e8655c0 (12 bytes)
1657050824.503449 sending message 112 to peer 0x56524e8655c0 (13 bytes)
1657050824.503452 sending message 112 to peer 0x56524e8655c0 (13 bytes)
1657050824.503455 sending message 112 to peer 0x56524e8655c0 (13 bytes)
1657050824.503459 sending message 112 to peer 0x56524e8655c0 (13 bytes)
1657050824.503462 sending message 112 to peer 0x56524e8655c0 (13 bytes)
1657050824.503465 sending message 112 to peer 0x56524e8655c0 (11 bytes)
1657050824.503468 sending message 112 to peer 0x56524e8655c0 (12 bytes)
1657050824.503471 sending message 112 to peer 0x56524e8655c0 (12 bytes)
1657050824.503474 sending message 112 to peer 0x56524e8655c0 (12 bytes)
1657050824.503477 sending message 112 to peer 0x56524e8655c0 (12 bytes)
1657050824.503480 sending message 112 to peer 0x56524e8655c0 (12 bytes)
1657050824.503482 sending message 112 to peer 0x56524e8655c0 (21 bytes)
1657050824.503486 sending message 112 to peer 0x56524e8655c0 (12 bytes)
1657050824.503490 sending message 112 to peer 0x56524e8655c0 (9 bytes)
1657050824.503494 sending message 112 to peer 0x56524e8655c0 (6 bytes)
1657050824.503496 sending message 112 to peer 0x56524e8655c0 (13 bytes)
1657050824.503500 sending message 112 to peer 0x56524e8655c0 (10 bytes)
1657050824.503503 sending message 112 to peer 0x56524e8655c0 (24 bytes)
1657050824.503506 sending message 112 to peer 0x56524e8655c0 (13 bytes)
1657050824.503508 sending message 112 to peer 0x56524e8655c0 (9 bytes)
1657050824.503512 sending message 112 to peer 0x56524e8655c0 (70 bytes)
1657050824.503515 sending message 112 to peer 0x56524e8655c0 (69 bytes)
1657050824.503518 sending message 112 to peer 0x56524e8655c0 (12 bytes)
1657050824.503521 sending message 112 to peer 0x56524e8655c0 (10 bytes)
1657050824.503523 sending message 112 to peer 0x56524e8655c0 (10 bytes)
1657050824.503526 sending message 112 to peer 0x56524e8655c0 (24 bytes)
1657050824.503529 sending message 112 to peer 0x56524e8655c0 (13 bytes)
1657050824.503532 sending message 112 to peer 0x56524e8655c0 (10 bytes)
1657050824.503535 sending message 112 to peer 0x56524e8655c0 (10 bytes)
1657050824.503539 sending message 112 to peer 0x56524e8655c0 (10 bytes)
1657050824.503542 sending message 112 to peer 0x56524e8655c0 (13 bytes)
1657050824.503545 sending message 112 to peer 0x56524e8655c0 (15 bytes)
1657050824.503548 sending message 112 to peer 0x56524e8655c0 (5 bytes)
1657050824.503552 sending message 104 to peer 0x56524e8655c0 (0 bytes)
1657050824.503555 sending message 110 to peer 0x56524e8655c0 (0 bytes)
1657050824.503559 sending message 107 to peer 0x56524e8655c0 (4 bytes)
1657050824.503562 sending message 105 to peer 0x56524e8655c0 (16 bytes)
1657050824.503565 sending message 105 to peer 0x56524e8655c0 (16 bytes)
1657050824.503567 sending message 105 to peer 0x56524e8655c0 (29 bytes)
1657050824.503570 sending message 105 to peer 0x56524e8655c0 (21 bytes)
1657050824.503573 sending message 105 to peer 0x56524e8655c0 (66 bytes)
1657050824.503576 sending message 105 to peer 0x56524e8655c0 (16 bytes)
1657050824.503580 sending message 105 to peer 0x56524e8655c0 (19 bytes)
1657050824.503583 sending message 105 to peer 0x56524e8655c0 (17 bytes)
1657050824.503586 sending message 105 to peer 0x56524e8655c0 (32 bytes)
1657050824.503590 sending message 105 to peer 0x56524e8655c0 (1519 bytes)
1657050824.503605 sending message 105 to peer 0x56524e8655c0 (27 bytes)
1657050824.503609 sending message 105 to peer 0x56524e8655c0 (34 bytes)
1657050824.503612 sending message 105 to peer 0x56524e8655c0 (20 bytes)
1657050824.503615 sending message 105 to peer 0x56524e8655c0 (32 bytes)
1657050824.503618 sending message 105 to peer 0x56524e8655c0 (13 bytes)
1657050824.503621 sending message 105 to peer 0x56524e8655c0 (8 bytes)
1657050824.503624 sending message 105 to peer 0x56524e8655c0 (14 bytes)
1657050824.503627 sending message 105 to peer 0x56524e8655c0 (8 bytes)
1657050824.503630 sending message 105 to peer 0x56524e8655c0 (65 bytes)
1657050824.503633 sending message 105 to peer 0x56524e8655c0 (1645 bytes)
1657050824.503637 sending message 105 to peer 0x56524e8655c0 (16 bytes)
1657050824.503640 sending message 105 to peer 0x56524e8655c0 (16 bytes)
1657050824.503643 sending message 105 to peer 0x56524e8655c0 (54 bytes)
1657050824.503647 sending message 106 to peer 0x56524e8655c0 (0 bytes)
1657050824.503652 sending message 200 to peer 0x56524e8655c0 (4 bytes)
1657050824.503656 client loop enter
1657050824.503689 client_signal: Child exited
1657050824.555850 peer 0x56524e8655c0 message 207
1657050824.555861 sending message 208 to peer 0x56524e8655c0 (0 bytes)
1657050826.442882 peer 0x56524e8655c0 message 203
1657050826.442893 sending message 205 to peer 0x56524e8655c0 (0 bytes)
1657050826.443394 peer 0x56524e8655c0 message 204
1657050826.443425 client loop exit
